Building in src directory
ftn -g  -c characterUtils.f95
ftn -g  -c ErrorMessages.f95
ftn -g  -c RandomNumbersForMC.f95
ftn -g  -c numericUtilities.f95
ftn -g  -c scatteringPhaseFunctions.f95
ftn -g  -c inversePhaseFunctions.f95
ftn -g  -c monteCarloIllumination.f95
ftn -g  -c surfaceProperties.f95
ftn -g  -c opticalProperties.f95
ftn -g  -c multipleProcesses_mpi.f95
ftn -g  -c userInterface_Unix.f95
Building in Integrators directory
ftn -g  -c /mnt/a/u/sciteam/aljones4/I3RC/src/userInterface_Unix.f95
Building in Drivers directory
ftn -g  -c /mnt/a/u/sciteam/aljones4/I3RC/src/userInterface_Unix.f95
Building in Tools directory
ftn -g  -c /mnt/a/u/sciteam/aljones4/I3RC/src/userInterface_Unix.f95
building in Domain-Files
ftn -g  -c /mnt/a/u/sciteam/aljones4/I3RC/src/userInterface_Unix.f95
